<?xml version="1.0" encoding="UTF-8"?>
<!-- Generated by org.testng.reporters.JUnitReportReporter -->
<testsuite hostname="SYPULCND1166FBQ" failures="0" tests="4" name="com.qa.tests.Sample" time="2.302" errors="0" timestamp="2024-11-21T12:38:45 IST" skipped="0">
  <testcase classname="com.qa.tests.Sample" name="TC001_getBookByAuthorName_positiveScenario" time="1.477"/>
  <system-out/>
  <testcase classname="com.qa.tests.Sample" name="TC004_deleteBook_Scenario" time="0.283"/>
  <system-out/>
  <testcase classname="com.qa.tests.Sample" name="TC002_getBookByAuthorName_NegativeScenario" time="0.189"/>
  <system-out/>
  <testcase classname="com.qa.tests.Sample" name="TC003_addBook_Scenario" time="0.353"/>
  <system-out/>
</testsuite> <!-- com.qa.tests.Sample -->
